<?xml version="1.0" encoding="UTF-8"?>
<testng-results ignored="0" total="1" passed="1" failed="0" skipped="0">
  <reporter-output>
  </reporter-output>
  <suite started-at="2026-02-07T09:36:58Z" name="Suite" finished-at="2026-02-07T09:37:55Z" duration-ms="57623">
    <groups>
    </groups>
    <test started-at="2026-02-07T09:36:58Z" name="Test" finished-at="2026-02-07T09:37:55Z" duration-ms="57623">
      <class name="org.Execution.TestScript_Banking">
        <test-method signature="main(java.lang.String, java.lang.String, java.lang.String, java.lang.String, java.lang.String)[pri:0, instance:org.Execution.TestScript_Banking@7e5c856f]" started-at="2026-02-07T09:36:58Z" name="main" finished-at="2026-02-07T09:37:55Z" duration-ms="57585" status="PASS">
          <params>
            <param index="0">
              <value>
                <![CDATA[Firefox]]>
              </value>
            </param>
            <param index="1">
              <value>
                <![CDATA[https://www.globalsqa.com/angularJs-protractor/BankingProject/#/login]]>
              </value>
            </param>
            <param index="2">
              <value>
                <![CDATA[Alekhya]]>
              </value>
            </param>
            <param index="3">
              <value>
                <![CDATA[Katakam]]>
              </value>
            </param>
            <param index="4">
              <value>
                <![CDATA[123456]]>
              </value>
            </param>
          </params>
          <reporter-output>
          </reporter-output>
        </test-method> <!-- main -->
      </class> <!-- org.Execution.TestScript_Banking -->
    </test> <!-- Test -->
  </suite> <!-- Suite -->
</testng-results>
